<?xml version="1.0" encoding="UTF-8"?>
<!-- Generated by org.testng.reporters.JUnitXMLReporter -->
<testsuite ignored="2" hostname="DESKTOP-IORSF4Q" failures="0" tests="4" name="Test" time="47.895" errors="0" timestamp="2022-09-11T10:58:54 IST">
  <testcase classname="testcases.SimplilearnLoginTest" name="Test1" time="10.476"/>
  <testcase classname="testcases.SimplilearnLoginTest" name="Test2" time="10.19"/>
  <testcase classname="testcases.SimplilearnLoginTest" name="Test3" time="6.557"/>
  <testcase classname="testcases.HomeTest" name="Test1" time="0.002"/>
  <testcase classname="testcases.BaseClass" name="@AfterTest DataClean" time="0.0">
    <ignored/>
  </testcase> <!-- @AfterTest DataClean -->
  <testcase classname="testcases.BaseClass" name="@BeforeTest DataSetUp" time="0.0">
    <ignored/>
  </testcase> <!-- @BeforeTest DataSetUp -->
</testsuite> <!-- Test -->
