<?xml version="1.0" encoding="UTF-8"?>
<!-- Generated by org.testng.reporters.JUnitXMLReporter -->
<testsuite ignored="0" hostname="DESKTOP-IORSF4Q" failures="0" tests="3" name="Test" time="33.603" errors="0" timestamp="2022-09-17T10:09:29 IST">
  <testcase classname="testcases.SimplilearnLoginTest" name="Test1" time="7.172"/>
  <testcase classname="testcases.SimplilearnLoginTest" name="Test2" time="7.39"/>
  <testcase classname="testcases.SimplilearnLoginTest" name="Test3" time="6.063"/>
</testsuite> <!-- Test -->
