<?xml version="1.0" encoding="UTF-8"?>
<!-- Generated by org.testng.reporters.JUnitXMLReporter -->
<testsuite hostname="DESKTOP-IORSF4Q" ignored="0" name="Test" tests="3" failures="0" timestamp="2022-09-18T12:06:46 IST" time="33.053" errors="0">
  <testcase name="Test1" time="6.783" classname="testcases.SimplilearnLoginTest"/>
  <testcase name="Test2" time="5.743" classname="testcases.SimplilearnLoginTest"/>
  <testcase name="Test3" time="4.776" classname="testcases.SimplilearnLoginTest"/>
</testsuite> <!-- Test -->
