<?xml version="1.0" encoding="UTF-8"?>
<!-- Generated by org.testng.reporters.JUnitXMLReporter -->
<testsuite hostname="DESKTOP-IORSF4Q" ignored="0" name="Test" tests="3" failures="0" timestamp="2022-09-10T13:08:07 IST" time="29.203" errors="0">
  <testcase name="Test1" time="0.001" classname="testcases.HomeTest"/>
  <testcase name="Test1" time="7.426" classname="testcases.SimplilearnLoginTest"/>
  <testcase name="Test2" time="5.611" classname="testcases.SimplilearnLoginTest"/>
</testsuite> <!-- Test -->
