<?xml version="1.0" encoding="UTF-8"?>
<testng-results skipped="0" failed="0" ignored="0" total="3" passed="3">
  <reporter-output>
  </reporter-output>
  <suite name="Suite" duration-ms="33053" started-at="2022-09-18T12:06:13 IST" finished-at="2022-09-18T12:06:46 IST">
    <groups>
    </groups>
    <test name="Test" duration-ms="33053" started-at="2022-09-18T12:06:13 IST" finished-at="2022-09-18T12:06:46 IST">
      <class name="testcases.SimplilearnLoginTest">
        <test-method status="PASS" signature="DataSetUp()[pri:0, instance:testcases.SimplilearnLoginTest@6ee52dcd]" name="DataSetUp" is-config="true" duration-ms="463" started-at="2022-09-18T12:06:13 IST" finished-at="2022-09-18T12:06:13 IST">
          <reporter-output>
          </reporter-output>
        </test-method> <!-- DataSetUp -->
        <test-method status="PASS" signature="Setup(java.lang.reflect.Method)[pri:0, instance:testcases.SimplilearnLoginTest@6ee52dcd]" name="Setup" is-config="true" duration-ms="3291" started-at="2022-09-18T12:06:13 IST" finished-at="2022-09-18T12:06:16 IST">
          <params>
            <param index="0">
              <value>
                <![CDATA[public void testcases.SimplilearnLoginTest.Test1()]]>
              </value>
            </param>
          </params>
          <reporter-output>
          </reporter-output>
        </test-method> <!-- Setup -->
        <test-method status="PASS" signature="Test1()[pri:0, instance:testcases.SimplilearnLoginTest@6ee52dcd]" name="Test1" duration-ms="6783" started-at="2022-09-18T12:06:16 IST" finished-at="2022-09-18T12:06:23 IST">
          <reporter-output>
          </reporter-output>
        </test-method> <!-- Test1 -->
        <test-method status="PASS" signature="TearDown()[pri:0, instance:testcases.SimplilearnLoginTest@6ee52dcd]" name="TearDown" is-config="true" duration-ms="2454" started-at="2022-09-18T12:06:23 IST" finished-at="2022-09-18T12:06:26 IST">
          <reporter-output>
          </reporter-output>
        </test-method> <!-- TearDown -->
        <test-method status="PASS" signature="Setup(java.lang.reflect.Method)[pri:0, instance:testcases.SimplilearnLoginTest@6ee52dcd]" name="Setup" is-config="true" duration-ms="2190" started-at="2022-09-18T12:06:26 IST" finished-at="2022-09-18T12:06:28 IST">
          <params>
            <param index="0">
              <value>
                <![CDATA[public void testcases.SimplilearnLoginTest.Test2(java.lang.String,java.lang.String)]]>
              </value>
            </param>
          </params>
          <reporter-output>
          </reporter-output>
        </test-method> <!-- Setup -->
        <test-method status="PASS" signature="Test2(java.lang.String,java.lang.String)[pri:0, instance:testcases.SimplilearnLoginTest@6ee52dcd]" name="Test2" duration-ms="5743" started-at="2022-09-18T12:06:28 IST" finished-at="2022-09-18T12:06:33 IST">
          <params>
            <param index="0">
              <value>
                <![CDATA[def@xyz.com]]>
              </value>
            </param>
            <param index="1">
              <value>
                <![CDATA[Abc@1234]]>
              </value>
            </param>
          </params>
          <reporter-output>
          </reporter-output>
        </test-method> <!-- Test2 -->
        <test-method status="PASS" signature="TearDown()[pri:0, instance:testcases.SimplilearnLoginTest@6ee52dcd]" name="TearDown" is-config="true" duration-ms="2432" started-at="2022-09-18T12:06:33 IST" finished-at="2022-09-18T12:06:36 IST">
          <reporter-output>
          </reporter-output>
        </test-method> <!-- TearDown -->
        <test-method status="PASS" signature="Setup(java.lang.reflect.Method)[pri:0, instance:testcases.SimplilearnLoginTest@6ee52dcd]" name="Setup" is-config="true" duration-ms="2274" started-at="2022-09-18T12:06:36 IST" finished-at="2022-09-18T12:06:38 IST">
          <params>
            <param index="0">
              <value>
                <![CDATA[public void testcases.SimplilearnLoginTest.Test3()]]>
              </value>
            </param>
          </params>
          <reporter-output>
          </reporter-output>
        </test-method> <!-- Setup -->
        <test-method status="PASS" signature="Test3()[pri:0, instance:testcases.SimplilearnLoginTest@6ee52dcd]" name="Test3" duration-ms="4776" started-at="2022-09-18T12:06:38 IST" finished-at="2022-09-18T12:06:43 IST">
          <reporter-output>
          </reporter-output>
        </test-method> <!-- Test3 -->
        <test-method status="PASS" signature="TearDown()[pri:0, instance:testcases.SimplilearnLoginTest@6ee52dcd]" name="TearDown" is-config="true" duration-ms="2426" started-at="2022-09-18T12:06:43 IST" finished-at="2022-09-18T12:06:45 IST">
          <reporter-output>
          </reporter-output>
        </test-method> <!-- TearDown -->
        <test-method status="PASS" signature="DataClean()[pri:0, instance:testcases.SimplilearnLoginTest@6ee52dcd]" name="DataClean" is-config="true" duration-ms="189" started-at="2022-09-18T12:06:45 IST" finished-at="2022-09-18T12:06:46 IST">
          <reporter-output>
          </reporter-output>
        </test-method> <!-- DataClean -->
      </class> <!-- testcases.SimplilearnLoginTest -->
    </test> <!-- Test -->
  </suite> <!-- Suite -->
</testng-results>
