<?xml version="1.0" encoding="UTF-8"?>
<testng-results skipped="0" failed="0" ignored="0" total="3" passed="3">
  <reporter-output>
  </reporter-output>
  <suite name="Suite" duration-ms="29203" started-at="2022-09-10T13:07:37 IST" finished-at="2022-09-10T13:08:07 IST">
    <groups>
    </groups>
    <test name="Test" duration-ms="29203" started-at="2022-09-10T13:07:37 IST" finished-at="2022-09-10T13:08:07 IST">
      <class name="testcases.HomeTest">
        <test-method status="PASS" signature="Setup()[pri:0, instance:testcases.HomeTest@3d99d22e]" name="Setup" is-config="true" duration-ms="3450" started-at="2022-09-10T13:07:37 IST" finished-at="2022-09-10T13:07:41 IST">
          <reporter-output>
          </reporter-output>
        </test-method> <!-- Setup -->
        <test-method status="PASS" signature="Test1()[pri:0, instance:testcases.HomeTest@3d99d22e]" name="Test1" duration-ms="1" started-at="2022-09-10T13:07:41 IST" finished-at="2022-09-10T13:07:41 IST">
          <reporter-output>
          </reporter-output>
        </test-method> <!-- Test1 -->
        <test-method status="PASS" signature="TearDown()[pri:0, instance:testcases.HomeTest@3d99d22e]" name="TearDown" is-config="true" duration-ms="2429" started-at="2022-09-10T13:07:41 IST" finished-at="2022-09-10T13:07:43 IST">
          <reporter-output>
          </reporter-output>
        </test-method> <!-- TearDown -->
      </class> <!-- testcases.HomeTest -->
      <class name="testcases.SimplilearnLoginTest">
        <test-method status="PASS" signature="Setup()[pri:0, instance:testcases.SimplilearnLoginTest@1f7030a6]" name="Setup" is-config="true" duration-ms="2640" started-at="2022-09-10T13:07:43 IST" finished-at="2022-09-10T13:07:46 IST">
          <reporter-output>
          </reporter-output>
        </test-method> <!-- Setup -->
        <test-method status="PASS" signature="Test1()[pri:0, instance:testcases.SimplilearnLoginTest@1f7030a6]" name="Test1" duration-ms="7426" started-at="2022-09-10T13:07:46 IST" finished-at="2022-09-10T13:07:53 IST">
          <reporter-output>
          </reporter-output>
        </test-method> <!-- Test1 -->
        <test-method status="PASS" signature="TearDown()[pri:0, instance:testcases.SimplilearnLoginTest@1f7030a6]" name="TearDown" is-config="true" duration-ms="2429" started-at="2022-09-10T13:07:53 IST" finished-at="2022-09-10T13:07:56 IST">
          <reporter-output>
          </reporter-output>
        </test-method> <!-- TearDown -->
        <test-method status="PASS" signature="Setup()[pri:0, instance:testcases.SimplilearnLoginTest@1f7030a6]" name="Setup" is-config="true" duration-ms="2741" started-at="2022-09-10T13:07:56 IST" finished-at="2022-09-10T13:07:59 IST">
          <reporter-output>
          </reporter-output>
        </test-method> <!-- Setup -->
        <test-method status="PASS" signature="Test2()[pri:0, instance:testcases.SimplilearnLoginTest@1f7030a6]" name="Test2" duration-ms="5611" started-at="2022-09-10T13:07:59 IST" finished-at="2022-09-10T13:08:04 IST">
          <reporter-output>
          </reporter-output>
        </test-method> <!-- Test2 -->
        <test-method status="PASS" signature="TearDown()[pri:0, instance:testcases.SimplilearnLoginTest@1f7030a6]" name="TearDown" is-config="true" duration-ms="2444" started-at="2022-09-10T13:08:04 IST" finished-at="2022-09-10T13:08:07 IST">
          <reporter-output>
          </reporter-output>
        </test-method> <!-- TearDown -->
      </class> <!-- testcases.SimplilearnLoginTest -->
    </test> <!-- Test -->
  </suite> <!-- Suite -->
</testng-results>
