<?xml version="1.0" encoding="UTF-8"?>
<testng-results ignored="2" total="6" passed="4" failed="0" skipped="0">
  <reporter-output>
  </reporter-output>
  <suite started-at="2022-09-11T10:58:06 IST" name="Suite" finished-at="2022-09-11T10:58:54 IST" duration-ms="47895">
    <groups>
    </groups>
    <test started-at="2022-09-11T10:58:06 IST" name="Test" finished-at="2022-09-11T10:58:54 IST" duration-ms="47895">
      <class name="testcases.HomeTest">
        <test-method is-config="true" signature="Setup()[pri:0, instance:testcases.HomeTest@6cd28fa7]" started-at="2022-09-11T10:58:48 IST" name="Setup" finished-at="2022-09-11T10:58:52 IST" duration-ms="3159" status="PASS">
          <reporter-output>
          </reporter-output>
        </test-method> <!-- Setup -->
        <test-method signature="Test1()[pri:0, instance:testcases.HomeTest@6cd28fa7]" started-at="2022-09-11T10:58:52 IST" name="Test1" finished-at="2022-09-11T10:58:52 IST" duration-ms="2" status="PASS">
          <reporter-output>
          </reporter-output>
        </test-method> <!-- Test1 -->
        <test-method is-config="true" signature="TearDown()[pri:0, instance:testcases.HomeTest@6cd28fa7]" started-at="2022-09-11T10:58:52 IST" name="TearDown" finished-at="2022-09-11T10:58:54 IST" duration-ms="2465" status="PASS">
          <reporter-output>
          </reporter-output>
        </test-method> <!-- TearDown -->
      </class> <!-- testcases.HomeTest -->
      <class name="testcases.SimplilearnLoginTest">
        <test-method is-config="true" signature="DataSetUp()[pri:0, instance:testcases.SimplilearnLoginTest@3f6b0be5]" started-at="2022-09-11T10:58:06 IST" name="DataSetUp" finished-at="2022-09-11T10:58:07 IST" duration-ms="776" status="PASS">
          <reporter-output>
          </reporter-output>
        </test-method> <!-- DataSetUp -->
        <test-method is-config="true" signature="Setup()[pri:0, instance:testcases.SimplilearnLoginTest@3f6b0be5]" started-at="2022-09-11T10:58:07 IST" name="Setup" finished-at="2022-09-11T10:58:10 IST" duration-ms="3323" status="PASS">
          <reporter-output>
          </reporter-output>
        </test-method> <!-- Setup -->
        <test-method signature="Test1()[pri:0, instance:testcases.SimplilearnLoginTest@3f6b0be5]" started-at="2022-09-11T10:58:10 IST" name="Test1" finished-at="2022-09-11T10:58:21 IST" duration-ms="10476" status="PASS">
          <reporter-output>
          </reporter-output>
        </test-method> <!-- Test1 -->
        <test-method is-config="true" signature="TearDown()[pri:0, instance:testcases.SimplilearnLoginTest@3f6b0be5]" started-at="2022-09-11T10:58:21 IST" name="TearDown" finished-at="2022-09-11T10:58:21 IST" duration-ms="208" status="PASS">
          <reporter-output>
          </reporter-output>
        </test-method> <!-- TearDown -->
        <test-method is-config="true" signature="Setup()[pri:0, instance:testcases.SimplilearnLoginTest@3f6b0be5]" started-at="2022-09-11T10:58:21 IST" name="Setup" finished-at="2022-09-11T10:58:27 IST" duration-ms="5560" status="PASS">
          <reporter-output>
          </reporter-output>
        </test-method> <!-- Setup -->
        <test-method signature="Test2(java.lang.String,java.lang.String)[pri:0, instance:testcases.SimplilearnLoginTest@3f6b0be5]" started-at="2022-09-11T10:58:27 IST" name="Test2" finished-at="2022-09-11T10:58:37 IST" duration-ms="10190" status="PASS">
          <params>
            <param index="0">
              <value>
                <![CDATA[def@xyz.com]]>
              </value>
            </param>
            <param index="1">
              <value>
                <![CDATA[Abc@1234]]>
              </value>
            </param>
          </params>
          <reporter-output>
          </reporter-output>
        </test-method> <!-- Test2 -->
        <test-method is-config="true" signature="TearDown()[pri:0, instance:testcases.SimplilearnLoginTest@3f6b0be5]" started-at="2022-09-11T10:58:37 IST" name="TearDown" finished-at="2022-09-11T10:58:37 IST" duration-ms="319" status="PASS">
          <reporter-output>
          </reporter-output>
        </test-method> <!-- TearDown -->
        <test-method is-config="true" signature="Setup()[pri:0, instance:testcases.SimplilearnLoginTest@3f6b0be5]" started-at="2022-09-11T10:58:37 IST" name="Setup" finished-at="2022-09-11T10:58:42 IST" duration-ms="4666" status="PASS">
          <reporter-output>
          </reporter-output>
        </test-method> <!-- Setup -->
        <test-method signature="Test3()[pri:0, instance:testcases.SimplilearnLoginTest@3f6b0be5]" started-at="2022-09-11T10:58:42 IST" name="Test3" finished-at="2022-09-11T10:58:48 IST" duration-ms="6557" status="PASS">
          <reporter-output>
          </reporter-output>
        </test-method> <!-- Test3 -->
        <test-method is-config="true" signature="TearDown()[pri:0, instance:testcases.SimplilearnLoginTest@3f6b0be5]" started-at="2022-09-11T10:58:48 IST" name="TearDown" finished-at="2022-09-11T10:58:48 IST" duration-ms="130" status="PASS">
          <reporter-output>
          </reporter-output>
        </test-method> <!-- TearDown -->
        <test-method is-config="true" signature="DataClean()[pri:0, instance:testcases.SimplilearnLoginTest@3f6b0be5]" started-at="2022-09-11T10:58:54 IST" name="DataClean" finished-at="2022-09-11T10:58:54 IST" duration-ms="0" status="PASS">
          <reporter-output>
          </reporter-output>
        </test-method> <!-- DataClean -->
      </class> <!-- testcases.SimplilearnLoginTest -->
    </test> <!-- Test -->
  </suite> <!-- Suite -->
</testng-results>
