<?xml version="1.0" encoding="UTF-8"?>
<testng-results ignored="0" total="3" passed="3" failed="0" skipped="0">
  <reporter-output>
  </reporter-output>
  <suite started-at="2022-09-17T10:08:56 IST" name="Suite" finished-at="2022-09-17T10:09:29 IST" duration-ms="33603">
    <groups>
    </groups>
    <test started-at="2022-09-17T10:08:56 IST" name="Test" finished-at="2022-09-17T10:09:29 IST" duration-ms="33603">
      <class name="testcases.SimplilearnLoginTest">
        <test-method is-config="true" signature="DataSetUp()[pri:0, instance:testcases.SimplilearnLoginTest@1e04fa0a]" started-at="2022-09-17T10:08:56 IST" name="DataSetUp" finished-at="2022-09-17T10:08:56 IST" duration-ms="630" status="PASS">
          <reporter-output>
          </reporter-output>
        </test-method> <!-- DataSetUp -->
        <test-method is-config="true" signature="Setup(java.lang.reflect.Method)[pri:0, instance:testcases.SimplilearnLoginTest@1e04fa0a]" started-at="2022-09-17T10:08:56 IST" name="Setup" finished-at="2022-09-17T10:08:59 IST" duration-ms="2956" status="PASS">
          <params>
            <param index="0">
              <value>
                <![CDATA[public void testcases.SimplilearnLoginTest.Test1()]]>
              </value>
            </param>
          </params>
          <reporter-output>
          </reporter-output>
        </test-method> <!-- Setup -->
        <test-method signature="Test1()[pri:0, instance:testcases.SimplilearnLoginTest@1e04fa0a]" started-at="2022-09-17T10:08:59 IST" name="Test1" finished-at="2022-09-17T10:09:06 IST" duration-ms="7172" status="PASS">
          <reporter-output>
          </reporter-output>
        </test-method> <!-- Test1 -->
        <test-method is-config="true" signature="TearDown()[pri:0, instance:testcases.SimplilearnLoginTest@1e04fa0a]" started-at="2022-09-17T10:09:06 IST" name="TearDown" finished-at="2022-09-17T10:09:07 IST" duration-ms="65" status="PASS">
          <reporter-output>
          </reporter-output>
        </test-method> <!-- TearDown -->
        <test-method is-config="true" signature="Setup(java.lang.reflect.Method)[pri:0, instance:testcases.SimplilearnLoginTest@1e04fa0a]" started-at="2022-09-17T10:09:07 IST" name="Setup" finished-at="2022-09-17T10:09:08 IST" duration-ms="1782" status="PASS">
          <params>
            <param index="0">
              <value>
                <![CDATA[public void testcases.SimplilearnLoginTest.Test2(java.lang.String,java.lang.String)]]>
              </value>
            </param>
          </params>
          <reporter-output>
          </reporter-output>
        </test-method> <!-- Setup -->
        <test-method signature="Test2(java.lang.String,java.lang.String)[pri:0, instance:testcases.SimplilearnLoginTest@1e04fa0a]" started-at="2022-09-17T10:09:08 IST" name="Test2" finished-at="2022-09-17T10:09:16 IST" duration-ms="7390" status="PASS">
          <params>
            <param index="0">
              <value>
                <![CDATA[def@xyz.com]]>
              </value>
            </param>
            <param index="1">
              <value>
                <![CDATA[Abc@1234]]>
              </value>
            </param>
          </params>
          <reporter-output>
          </reporter-output>
        </test-method> <!-- Test2 -->
        <test-method is-config="true" signature="TearDown()[pri:0, instance:testcases.SimplilearnLoginTest@1e04fa0a]" started-at="2022-09-17T10:09:16 IST" name="TearDown" finished-at="2022-09-17T10:09:18 IST" duration-ms="2417" status="PASS">
          <reporter-output>
          </reporter-output>
        </test-method> <!-- TearDown -->
        <test-method is-config="true" signature="Setup(java.lang.reflect.Method)[pri:0, instance:testcases.SimplilearnLoginTest@1e04fa0a]" started-at="2022-09-17T10:09:18 IST" name="Setup" finished-at="2022-09-17T10:09:21 IST" duration-ms="2509" status="PASS">
          <params>
            <param index="0">
              <value>
                <![CDATA[public void testcases.SimplilearnLoginTest.Test3()]]>
              </value>
            </param>
          </params>
          <reporter-output>
          </reporter-output>
        </test-method> <!-- Setup -->
        <test-method signature="Test3()[pri:0, instance:testcases.SimplilearnLoginTest@1e04fa0a]" started-at="2022-09-17T10:09:21 IST" name="Test3" finished-at="2022-09-17T10:09:27 IST" duration-ms="6063" status="PASS">
          <reporter-output>
          </reporter-output>
        </test-method> <!-- Test3 -->
        <test-method is-config="true" signature="TearDown()[pri:0, instance:testcases.SimplilearnLoginTest@1e04fa0a]" started-at="2022-09-17T10:09:27 IST" name="TearDown" finished-at="2022-09-17T10:09:29 IST" duration-ms="2420" status="PASS">
          <reporter-output>
          </reporter-output>
        </test-method> <!-- TearDown -->
        <test-method is-config="true" signature="DataClean()[pri:0, instance:testcases.SimplilearnLoginTest@1e04fa0a]" started-at="2022-09-17T10:09:29 IST" name="DataClean" finished-at="2022-09-17T10:09:29 IST" duration-ms="154" status="PASS">
          <reporter-output>
          </reporter-output>
        </test-method> <!-- DataClean -->
      </class> <!-- testcases.SimplilearnLoginTest -->
    </test> <!-- Test -->
  </suite> <!-- Suite -->
</testng-results>
